0 info it worked if it ends with ok
1 verbose cli [ '/usr/local/bin/node',
1 verbose cli   '/usr/local/bin/npm',
1 verbose cli   'run',
1 verbose cli   'build-watch' ]
2 info using npm@3.10.8
3 info using node@v7.0.0
4 verbose run-script [ 'prebuild-watch', 'build-watch', 'postbuild-watch' ]
5 info lifecycle mousetrap@1.0.0~prebuild-watch: mousetrap@1.0.0
6 silly lifecycle mousetrap@1.0.0~prebuild-watch: no script for prebuild-watch, continuing
7 info lifecycle mousetrap@1.0.0~build-watch: mousetrap@1.0.0
8 verbose lifecycle mousetrap@1.0.0~build-watch: unsafe-perm in lifecycle true
9 verbose lifecycle mousetrap@1.0.0~build-watch: PATH: /usr/local/lib/node_modules/npm/bin/node-gyp-bin:/Users/sarasunshine/Documents/Fullstack/mousetrap2/node_modules/.bin:/usr/local/bin:/usr/bin:/bin:/usr/sbin:/sbin
10 verbose lifecycle mousetrap@1.0.0~build-watch: CWD: /Users/sarasunshine/Documents/Fullstack/mousetrap2
11 silly lifecycle mousetrap@1.0.0~build-watch: Args: [ '-c',
11 silly lifecycle   'check-node-version --node \'>= 6.7.0\' && bin/setup && webpack -w' ]
12 info lifecycle mousetrap@1.0.0~build-watch: Failed to exec build-watch script
13 verbose stack Error: mousetrap@1.0.0 build-watch: `check-node-version --node '>= 6.7.0' && bin/setup && webpack -w`
13 verbose stack spawn ENOENT
13 verbose stack     at ChildProcess.<anonymous> (/usr/local/lib/node_modules/npm/lib/utils/spawn.js:33:16)
13 verbose stack     at emitTwo (events.js:106:13)
13 verbose stack     at ChildProcess.emit (events.js:191:7)
13 verbose stack     at maybeClose (internal/child_process.js:877:16)
13 verbose stack     at Process.ChildProcess._handle.onexit (internal/child_process.js:226:5)
14 verbose pkgid mousetrap@1.0.0
15 verbose cwd /Users/sarasunshine/Documents/Fullstack/mousetrap2
16 error Darwin 15.5.0
17 error argv "/usr/local/bin/node" "/usr/local/bin/npm" "run" "build-watch"
18 error node v7.0.0
19 error npm  v3.10.8
20 error file sh
21 error code ELIFECYCLE
22 error errno ENOENT
23 error syscall spawn
24 error mousetrap@1.0.0 build-watch: `check-node-version --node '>= 6.7.0' && bin/setup && webpack -w`
24 error spawn ENOENT
25 error Failed at the mousetrap@1.0.0 build-watch script 'check-node-version --node '>= 6.7.0' && bin/setup && webpack -w'.
25 error Make sure you have the latest version of node.js and npm installed.
25 error If you do, this is most likely a problem with the mousetrap package,
25 error not with npm itself.
25 error Tell the author that this fails on your system:
25 error     check-node-version --node '>= 6.7.0' && bin/setup && webpack -w
25 error You can get information on how to open an issue for this project with:
25 error     npm bugs mousetrap
25 error Or if that isn't available, you can get their info via:
25 error     npm owner ls mousetrap
25 error There is likely additional logging output above.
26 verbose exit [ 1, true ]
